
=== Session started at Tue Sep 09 21:35:04 2025
[DEBUG] malloc 40 bytes at 000001b506021500 (C:/Users/mphasto/CLionProjects/MemoryDebugger/main.c:8)
[DEBUG] free at 000001b506021500 (C:/Users/mphasto/CLionProjects/MemoryDebugger/main.c:9)
[DEBUG] malloc 50 bytes at 000001b506021500 (C:/Users/mphasto/CLionProjects/MemoryDebugger/main.c:11)
[DEBUG] malloc 20 bytes at 000001b5060215f0 (C:/Users/mphasto/CLionProjects/MemoryDebugger/main.c:12)
[DEBUG] free at 000001b5060215f0 (C:/Users/mphasto/CLionProjects/MemoryDebugger/main.c:13)
[Aviso] Dupla liberação ou free inválido 000001b5060215f0

=== RELATÓRIO DE MEMÓRIA ===
+------------+---------+-------------------------+------+
| Ponteiro   | Tamanho | Arquivo                 | Linha|
+------------+---------+-------------------------+------+
| 1b506021500 |      50 | C:/Users/mphasto/CLionProjects/MemoryDebugger/main.c |   11 |
+------------+---------+-------------------------+------+
Total de vazamentos: 1 | Total de bytes: 50

=== Session started at Tue Sep 09 21:42:02 2025
[DEBUG] malloc 40 bytes at 000001ddebeb1500 (C:/Users/mphasto/CLionProjects/MemoryDebugger/main.c:18)
[DEBUG] free at 000001ddebeb1500 (C:/Users/mphasto/CLionProjects/MemoryDebugger/main.c:19)
[DEBUG] malloc 50 bytes at 000001ddebeb1500 (C:/Users/mphasto/CLionProjects/MemoryDebugger/main.c:21)
[DEBUG] malloc 20 bytes at 000001ddebeb15f0 (C:/Users/mphasto/CLionProjects/MemoryDebugger/main.c:22)
[DEBUG] free at 000001ddebeb15f0 (C:/Users/mphasto/CLionProjects/MemoryDebugger/main.c:23)
[Aviso] Dupla liberação ou free inválido 000001ddebeb15f0

=== RELATÓRIO DE MEMÓRIA ===
+------------+---------+-------------------------+------+
| Ponteiro   | Tamanho | Arquivo                 | Linha|
+------------+---------+-------------------------+------+
| 1ddebeb1500 |      50 | C:/Users/mphasto/CLionProjects/MemoryDebugger/main.c |   21 |
+------------+---------+-------------------------+------+
Total de vazamentos: 1 | Total de bytes: 50

=== Session started at 2025-09-09 21:47:54 ===
[2025-09-09 21:47:54] [DEBUG] malloc 40 bytes at 000001b78c051500 (C:/Users/mphasto/CLionProjects/MemoryDebugger/main.c:17)
[2025-09-09 21:47:54] [DEBUG] malloc 50 bytes at 000001b78c051500 (C:/Users/mphasto/CLionProjects/MemoryDebugger/main.c:20)
[2025-09-09 21:47:54] [DEBUG] malloc 20 bytes at 000001b78c0515f0 (C:/Users/mphasto/CLionProjects/MemoryDebugger/main.c:21)
[2025-09-09 21:47:54] [Aviso] Dupla liberação ou free inválido 000001b78c0515f0
[2025-09-09 21:47:54] [DEBUG] calloc 15 bytes at 000001b78c0515f0 (C:/Users/mphasto/CLionProjects/MemoryDebugger/main.c:25)

=== RELATÓRIO DE MEMÓRIA ===
+------------+---------+-------------------------+------+
| Ponteiro   | Tamanho | Arquivo                 | Linha|
+------------+---------+-------------------------+------+
| 1b78c051500 |      50 | C:/Users/mphasto/CLionProjects/MemoryDebugger/main.c |   20 |
+------------+---------+-------------------------+------+
Total de vazamentos: 1 | Total de bytes: 50
Total de alocações: 5 | Total de frees: 4 | Total de reallocs: 1
Pico de memória: 150 bytes | Maior alocação: 100 bytes

=== Session started at 2025-09-09 22:36:54 ===
[2025-09-09 22:36:54] [DEBUG] malloc 40 bytes at 0000022d89f91500 (C:/Users/mphasto/CLionProjects/MemoryDebugger/main.c:17)
[2025-09-09 22:36:54] [DEBUG] malloc 50 bytes at 0000022d89f91500 (C:/Users/mphasto/CLionProjects/MemoryDebugger/main.c:20)
[2025-09-09 22:36:54] [DEBUG] malloc 20 bytes at 0000022d89f915f0 (C:/Users/mphasto/CLionProjects/MemoryDebugger/main.c:21)
[2025-09-09 22:36:54] [Aviso] Dupla liberação ou free inválido 0000022d89f915f0
[2025-09-09 22:36:54] [DEBUG] calloc 15 bytes at 0000022d89f915f0 (C:/Users/mphasto/CLionProjects/MemoryDebugger/main.c:25)

=== RELATÓRIO DE MEMÓRIA ===
+------------+---------+-------------------------+------+
| Ponteiro   | Tamanho | Arquivo                 | Linha|
+------------+---------+-------------------------+------+
| 22d89f91500 |      50 | C:/Users/mphasto/CLionProjects/MemoryDebugger/main.c |   20 |
+------------+---------+-------------------------+------+
Total de vazamentos: 1 | Total de bytes: 50
Total de alocações: 5 | Total de frees: 4 | Total de reallocs: 1
Pico de memória: 150 bytes | Maior alocação: 100 bytes

=== Session started at 2025-09-09 22:46:14 ===
[2025-09-09 22:46:14] [DEBUG] malloc 40 bytes at 0000026133e01510 (C:/Users/mphasto/CLionProjects/MemoryDebugger/main.c:24)
[2025-09-09 22:46:14] [DEBUG] malloc 50 bytes at 0000026133e01510 (C:/Users/mphasto/CLionProjects/MemoryDebugger/main.c:27)
[2025-09-09 22:46:14] [DEBUG] malloc 80 bytes at 0000026133e015b0 (C:/Users/mphasto/CLionProjects/MemoryDebugger/main.c:29)
[2025-09-09 22:46:14] [Aviso] Dupla liberação ou free inválido 0000026133e015b0
[2025-09-09 22:46:14] [DEBUG] malloc 15 bytes at 0000026133e015b0 (C:/Users/mphasto/CLionProjects/MemoryDebugger/main.c:33)

=== Session started at 2025-10-01 20:54:50 ===
[2025-10-01 20:54:50] [DEBUG] malloc 40 bytes at 00000205cd5b6ee0 (C:/Users/mphasto/CLionProjects/MemoryDebugger/main.c:24)
[2025-10-01 20:54:50] [DEBUG] malloc 50 bytes at 00000205cd5b6ee0 (C:/Users/mphasto/CLionProjects/MemoryDebugger/main.c:27)
[2025-10-01 20:54:50] [DEBUG] malloc 80 bytes at 00000205cd5b1510 (C:/Users/mphasto/CLionProjects/MemoryDebugger/main.c:29)
[2025-10-01 20:54:50] [Aviso] Dupla liberação ou free inválido 00000205cd5b1510
[2025-10-01 20:54:50] [DEBUG] malloc 15 bytes at 00000205cd5b6f80 (C:/Users/mphasto/CLionProjects/MemoryDebugger/main.c:33)

=== Session started at 2025-10-01 20:55:55 ===
[2025-10-01 20:55:55] [DEBUG] malloc 40 bytes at 000002116a596ee0 (C:/Users/mphasto/CLionProjects/MemoryDebugger/main.c:24)
[2025-10-01 20:55:55] [DEBUG] malloc 50 bytes at 000002116a596ee0 (C:/Users/mphasto/CLionProjects/MemoryDebugger/main.c:27)
[2025-10-01 20:55:55] [DEBUG] malloc 80 bytes at 000002116a591510 (C:/Users/mphasto/CLionProjects/MemoryDebugger/main.c:29)
[2025-10-01 20:55:55] [Aviso] Dupla liberação ou free inválido 000002116a591510
[2025-10-01 20:55:55] [DEBUG] malloc 15 bytes at 000002116a596f80 (C:/Users/mphasto/CLionProjects/MemoryDebugger/main.c:33)

=== Session started at 2025-10-07 15:55:43 ===
[2025-10-07 15:55:43] [DEBUG] malloc 40 bytes at 000001382a736ee0 (C:/Users/mphasto/CLionProjects/MemoryDebugger/main.c:24)
[2025-10-07 15:55:43] [DEBUG] malloc 50 bytes at 000001382a736ee0 (C:/Users/mphasto/CLionProjects/MemoryDebugger/main.c:27)
[2025-10-07 15:55:43] [DEBUG] malloc 80 bytes at 000001382a731510 (C:/Users/mphasto/CLionProjects/MemoryDebugger/main.c:29)
[2025-10-07 15:55:43] [Aviso] Dupla liberação ou free inválido 000001382a731510
[2025-10-07 15:55:43] [DEBUG] malloc 15 bytes at 000001382a736f80 (C:/Users/mphasto/CLionProjects/MemoryDebugger/main.c:33)

=== Session started at 2025-10-07 15:58:46 ===
[2025-10-07 15:58:46] [DEBUG] malloc 40 bytes at 00000144b19a6ee0 (C:/Users/mphasto/CLionProjects/MemoryDebugger/main.c:24)
[2025-10-07 15:58:46] [DEBUG] malloc 50 bytes at 00000144b19a6ee0 (C:/Users/mphasto/CLionProjects/MemoryDebugger/main.c:27)
[2025-10-07 15:58:46] [DEBUG] malloc 80 bytes at 00000144b19a1510 (C:/Users/mphasto/CLionProjects/MemoryDebugger/main.c:29)
[2025-10-07 15:58:46] [Aviso] Dupla liberação ou free inválido 00000144b19a1510
[2025-10-07 15:58:46] [DEBUG] malloc 15 bytes at 00000144b19a6f80 (C:/Users/mphasto/CLionProjects/MemoryDebugger/main.c:33)
